<?xml version="1.0" encoding="UTF-8"?>
<!-- Generated by org.testng.reporters.JUnitXMLReporter -->
<testsuite ignored="0" hostname="Nightwing" failures="0" tests="2" name="Error Validations Test" time="24.062" errors="0" timestamp="2026-04-26T20:54:34 IST">
  <testcase classname="seleniumFrameworkDesign.Tests.ErrorValidationsTest" name="loginErrorValidation" time="1.325"/>
  <testcase classname="seleniumFrameworkDesign.Tests.ErrorValidationsTest" name="productErrorValidation" time="9.074"/>
</testsuite> <!-- Error Validations Test -->
