<?xml version="1.0" encoding="UTF-8"?>
<!-- Generated by org.testng.reporters.JUnitXMLReporter -->
<testsuite ignored="0" hostname="Nightwing" failures="1" tests="2" name="Error Validations Test" time="33.145" errors="0" timestamp="2026-04-22T21:17:24 IST">
  <testcase classname="seleniumFrameworkDesign.Tests.ErrorValidationsTest" name="productErrorValidation" time="18.644"/>
  <testcase classname="seleniumFrameworkDesign.Tests.ErrorValidationsTest" name="submitOrder" time="0.657">
    <failure type="java.lang.AssertionError" message="expected [Incorrect email or password.] but found [Incorrect email password.]">
      <![CDATA[java.lang.AssertionError: expected [Incorrect email or password.] but found [Incorrect email password.]
at seleniumFrameworkDesign.Tests.ErrorValidationsTest.submitOrder(ErrorValidationsTest.java:18)
at java.base/java.util.ArrayList.forEach(ArrayList.java:1596)
at java.base/java.util.concurrent.FutureTask.run(FutureTask.java:317)
at java.base/java.util.concurrent.ThreadPoolExecutor.runWorker(ThreadPoolExecutor.java:1144)
at java.base/java.util.concurrent.ThreadPoolExecutor$Worker.run(ThreadPoolExecutor.java:642)
at java.base/java.lang.Thread.run(Thread.java:1583)
... Removed 21 stack frames]]>
    </failure>
  </testcase> <!-- submitOrder -->
</testsuite> <!-- Error Validations Test -->
