<?xml version="1.0" encoding="UTF-8"?>
<!-- Generated by org.testng.reporters.JUnitXMLReporter -->
<testsuite ignored="0" hostname="Nightwing" failures="0" tests="3" name="Submit Order Test" time="34.182" errors="0" timestamp="2026-04-22T21:17:25 IST">
  <testcase classname="seleniumFrameworkDesign.Tests.SubmitOrderTest" name="submitOrder" time="7.994"/>
  <testcase classname="seleniumFrameworkDesign.Tests.SubmitOrderTest" name="submitOrder" time="8.738"/>
  <testcase classname="seleniumFrameworkDesign.Tests.SubmitOrderTest" name="OrderHistoryTest" time="2.595"/>
</testsuite> <!-- Submit Order Test -->
