<?xml version="1.0" encoding="UTF-8"?>
<!-- Generated by org.testng.reporters.JUnitXMLReporter -->
<testsuite ignored="0" hostname="Nightwing" failures="0" tests="3" name="Submit Order Test" time="43.702" errors="0" timestamp="2026-04-26T20:54:53 IST">
  <testcase classname="seleniumFrameworkDesign.Tests.SubmitOrderTest" name="submitOrder" time="10.546"/>
  <testcase classname="seleniumFrameworkDesign.Tests.SubmitOrderTest" name="submitOrder" time="10.293"/>
  <testcase classname="seleniumFrameworkDesign.Tests.SubmitOrderTest" name="OrderHistoryTest" time="3.572"/>
</testsuite> <!-- Submit Order Test -->
