<?xml version="1.0" encoding="UTF-8"?>
<!-- Generated by org.testng.reporters.JUnitReportReporter -->
<testsuite hostname="Nightwing" failures="0" tests="3" name="seleniumFrameworkDesign.Tests.SubmitOrderTest" time="33.625" errors="0" timestamp="2026-04-22T21:17:25 IST" skipped="0">
  <testcase classname="seleniumFrameworkDesign.Tests.SubmitOrderTest" name="OrderHistoryTest" time="6.063"/>
  <testcase classname="seleniumFrameworkDesign.Tests.SubmitOrderTest" name="submitOrder" time="15.311"/>
  <testcase classname="seleniumFrameworkDesign.Tests.SubmitOrderTest" name="submitOrder" time="12.251"/>
</testsuite> <!-- seleniumFrameworkDesign.Tests.SubmitOrderTest -->
