<?xml version="1.0" encoding="UTF-8"?>
<!-- Generated by org.testng.reporters.JUnitReportReporter -->
<testsuite hostname="Nightwing" failures="0" tests="2" name="seleniumFrameworkDesign.Tests.ErrorValidationsTest" time="23.978" errors="0" timestamp="2026-04-26T20:54:53 IST" skipped="0">
  <testcase classname="seleniumFrameworkDesign.Tests.ErrorValidationsTest" name="loginErrorValidation" time="7.323"/>
  <testcase classname="seleniumFrameworkDesign.Tests.ErrorValidationsTest" name="productErrorValidation" time="16.655"/>
</testsuite> <!-- seleniumFrameworkDesign.Tests.ErrorValidationsTest -->
