<?xml version="1.0" encoding="UTF-8"?>
<!-- Generated by org.testng.reporters.JUnitReportReporter -->
<testsuite hostname="Nightwing" failures="0" tests="3" name="seleniumFrameworkDesign.Tests.SubmitOrderTest" time="43.386" errors="0" timestamp="2026-04-26T20:54:53 IST" skipped="0">
  <testcase classname="seleniumFrameworkDesign.Tests.SubmitOrderTest" name="submitOrder" time="15.575"/>
  <testcase classname="seleniumFrameworkDesign.Tests.SubmitOrderTest" name="submitOrder" time="16.840"/>
  <testcase classname="seleniumFrameworkDesign.Tests.SubmitOrderTest" name="OrderHistoryTest" time="10.971"/>
</testsuite> <!-- seleniumFrameworkDesign.Tests.SubmitOrderTest -->
